<?xml version="1.0" encoding="UTF-8"?>
<!-- Generated by org.testng.reporters.JUnitXMLReporter -->
<testsuite ignored="0" hostname="DESKTOP-21PKUGS" failures="0" tests="5" name="Default test" time="7.296" errors="0" timestamp="27 Feb 2022 05:21:24 GMT">
  <testcase classname="com.qa.opencart.tests.LoginPageTest" name="loginpageTitleTest" time="0.044"/>
  <testcase classname="com.qa.opencart.tests.LoginPageTest" name="loginpageUrlTest" time="0.019"/>
  <testcase classname="com.qa.opencart.tests.LoginPageTest" name="ForgotPwdLinkTest" time="0.146"/>
  <testcase classname="com.qa.opencart.tests.LoginPageTest" name="RegiterLinkTest" time="0.099"/>
  <testcase classname="com.qa.opencart.tests.LoginPageTest" name="loginTest" time="1.08"/>
</testsuite> <!-- Default test -->
