<?xml version="1.0" encoding="UTF-8"?>
<testng-results ignored="0" total="5" passed="5" failed="0" skipped="0">
  <reporter-output>
  </reporter-output>
  <suite started-at="2022-02-27T05:21:16Z" name="Default suite" finished-at="2022-02-27T05:21:24Z" duration-ms="7296">
    <groups>
    </groups>
    <test started-at="2022-02-27T05:21:16Z" name="Default test" finished-at="2022-02-27T05:21:24Z" duration-ms="7296">
      <class name="com.qa.opencart.tests.LoginPageTest">
        <test-method is-config="true" signature="setup()[pri:0, instance:com.qa.opencart.tests.LoginPageTest@4313f5bc]" started-at="2022-02-27T05:21:16Z" name="setup" finished-at="2022-02-27T05:21:22Z" duration-ms="5855" status="PASS">
          <reporter-output>
          </reporter-output>
        </test-method> <!-- setup -->
        <test-method signature="loginpageTitleTest()[pri:1, instance:com.qa.opencart.tests.LoginPageTest@4313f5bc]" started-at="2022-02-27T05:21:22Z" name="loginpageTitleTest" finished-at="2022-02-27T05:21:22Z" duration-ms="44" status="PASS">
          <reporter-output>
          </reporter-output>
        </test-method> <!-- loginpageTitleTest -->
        <test-method signature="loginpageUrlTest()[pri:2, instance:com.qa.opencart.tests.LoginPageTest@4313f5bc]" started-at="2022-02-27T05:21:22Z" name="loginpageUrlTest" finished-at="2022-02-27T05:21:22Z" duration-ms="19" status="PASS">
          <reporter-output>
          </reporter-output>
        </test-method> <!-- loginpageUrlTest -->
        <test-method signature="ForgotPwdLinkTest()[pri:3, instance:com.qa.opencart.tests.LoginPageTest@4313f5bc]" started-at="2022-02-27T05:21:22Z" name="ForgotPwdLinkTest" finished-at="2022-02-27T05:21:22Z" duration-ms="146" status="PASS">
          <reporter-output>
          </reporter-output>
        </test-method> <!-- ForgotPwdLinkTest -->
        <test-method signature="RegiterLinkTest()[pri:4, instance:com.qa.opencart.tests.LoginPageTest@4313f5bc]" started-at="2022-02-27T05:21:22Z" name="RegiterLinkTest" finished-at="2022-02-27T05:21:23Z" duration-ms="99" status="PASS">
          <reporter-output>
          </reporter-output>
        </test-method> <!-- RegiterLinkTest -->
        <test-method signature="loginTest()[pri:5, instance:com.qa.opencart.tests.LoginPageTest@4313f5bc]" started-at="2022-02-27T05:21:23Z" name="loginTest" finished-at="2022-02-27T05:21:24Z" duration-ms="1080" status="PASS">
          <reporter-output>
          </reporter-output>
        </test-method> <!-- loginTest -->
        <test-method is-config="true" signature="teardown()[pri:0, instance:com.qa.opencart.tests.LoginPageTest@4313f5bc]" started-at="2022-02-27T05:21:24Z" name="teardown" finished-at="2022-02-27T05:21:24Z" duration-ms="1" status="PASS">
          <reporter-output>
          </reporter-output>
        </test-method> <!-- teardown -->
      </class> <!-- com.qa.opencart.tests.LoginPageTest -->
    </test> <!-- Default test -->
  </suite> <!-- Default suite -->
</testng-results>
